[2025-10-06T16:22:23.753138Z] [INFO] Starting Flexible Flask Application Validation
[2025-10-06T16:22:23.753427Z] [INFO] ============================================================
[2025-10-06T16:22:23.753605Z] [INFO] Validating project structure...
[2025-10-06T16:22:23.753793Z] [INFO] Scanning for Python files containing Flask imports...
[2025-10-06T16:22:23.774410Z] [INFO] Found 1 Flask-related Python file(s).
[2025-10-06T16:22:23.774656Z] [CHECK] PASS: Flask files found - Found 1 Flask Python file(s)
[2025-10-06T16:22:23.774835Z] [INFO] Locating main Flask application file...
[2025-10-06T16:22:23.776112Z] [INFO] Selected main app file: C:\Users\lvg\AppData\Local\Temp\tmp5uhdecov\playoff\app.py
[2025-10-06T16:22:23.776305Z] [CHECK] PASS: Main app file - Main Flask app: app.py
[2025-10-06T16:22:23.777214Z] [CHECK] FAIL: Dependencies file - No dependencies file found
[2025-10-06T16:22:23.779213Z] [INFO] Found 6 HTML template file(s).
[2025-10-06T16:22:23.779471Z] [CHECK] PASS: Template files - Found 6 HTML templates
[2025-10-06T16:22:23.779595Z] [INFO] Validating Flask imports in main app file...
[2025-10-06T16:22:23.779990Z] [CHECK] PASS: Import: from flask import - Flask core imports
[2025-10-06T16:22:23.780152Z] [CHECK] PASS: Import: Flask( - Flask app creation
[2025-10-06T16:22:23.780292Z] [CHECK] PASS: Import: render_template - Template rendering
[2025-10-06T16:22:23.780478Z] [CHECK] PASS: Import: request - Request handling
[2025-10-06T16:22:23.780643Z] [CHECK] PASS: Import: redirect - Redirect functionality
[2025-10-06T16:22:23.780789Z] [INFO] Validating database imports...
[2025-10-06T16:22:23.781216Z] [CHECK] PASS: Database: from flask_sqlalchemy import - SQLAlchemy ORM
[2025-10-06T16:22:23.781383Z] [CHECK] PASS: Database: from werkzeug.security import - Password security
[2025-10-06T16:22:23.781553Z] [CHECK] PASS: Database: generate_password_hash - Password hashing
[2025-10-06T16:22:23.781715Z] [CHECK] PASS: Database: check_password_hash - Password verification
[2025-10-06T16:22:23.781863Z] [INFO] Validating route definitions statically...
[2025-10-06T16:22:23.782566Z] [CHECK] PASS: Routes: Route decorators - Found 5 route decorators
[2025-10-06T16:22:23.782903Z] [CHECK] PASS: Routes: Route functions - Found 8 route functions
[2025-10-06T16:22:23.783215Z] [CHECK] PASS: Routes: Template rendering - Found 10 template rendering
[2025-10-06T16:22:23.783477Z] [CHECK] PASS: Routes: Redirects - Found 4 redirects
[2025-10-06T16:22:23.783622Z] [INFO] Validating authentication-related code statically...
[2025-10-06T16:22:23.784052Z] [CHECK] PASS: Auth: Session management - Session management
[2025-10-06T16:22:23.784187Z] [CHECK] PASS: Auth: HTTP method handling - HTTP method handling
[2025-10-06T16:22:23.784323Z] [CHECK] PASS: Auth: Form data access - Form data access
[2025-10-06T16:22:23.784478Z] [CHECK] PASS: Auth: Flash messages - Flash messages
[2025-10-06T16:22:23.784629Z] [CHECK] PASS: Auth: Secret key - Secret key
[2025-10-06T16:22:23.784776Z] [INFO] Validating template usage (render_template references)...
[2025-10-06T16:22:23.785539Z] [CHECK] PASS: Template reference check - All referenced templates exist
[2025-10-06T16:22:23.785748Z] [INFO] Basic functionality checks...
[2025-10-06T16:22:23.786269Z] [CHECK] PASS: App execution method - app.run() found
[2025-10-06T16:22:23.786454Z] [CHECK] PASS: Database initialization - DB initialization found
[2025-10-06T16:22:23.786635Z] [INFO] Running flake8 syntax checks...
[2025-10-06T16:22:23.872402Z] [CHECK] PASS: Syntax check (flake8) - No critical syntax errors found
[2025-10-06T16:22:23.872679Z] [INFO] Starting student's app subprocess: C:\Users\lvg\CODES\Exskilence\project_validator\venv\Scripts\python.exe C:\Users\lvg\AppData\Local\Temp\tmp5uhdecov\playoff\app.py (cwd=C:\Users\lvg\AppData\Local\Temp\tmp5uhdecov)
[2025-10-06T16:22:23.882776Z] [INFO] Waiting for app to become reachable at http://127.0.0.1:5000 (timeout 12s)...
[2025-10-06T16:22:24.164745Z] [APP] STDERR: Traceback (most recent call last):
[2025-10-06T16:22:24.164982Z] [APP] STDERR:   File "C:\Users\lvg\AppData\Local\Temp\tmp5uhdecov\playoff\app.py", line 2, in <module>
[2025-10-06T16:22:24.165261Z] [APP] STDERR:     from flask_sqlalchemy import SQLAlchemy
[2025-10-06T16:22:24.165386Z] [APP] STDERR: ModuleNotFoundError: No module named 'flask_sqlalchemy'
[2025-10-06T16:22:26.438004Z] [ERROR] Subprocess exited while waiting for app to start.
[2025-10-06T16:22:26.438319Z] [CHECK] FAIL: Runtime: app reachable - App did not respond in time
[2025-10-06T16:22:26.438600Z] [INFO] Stopping student's app subprocess...
[2025-10-06T16:22:26.441307Z] [INFO] Wrote JSON summary to Logs\tmp5uhdecov\validation_20251006_215223.json
[2025-10-06T16:22:26.441502Z] [INFO] ============================================================
[2025-10-06T16:22:26.441676Z] [INFO] VALIDATION SUMMARY
[2025-10-06T16:22:26.441858Z] [INFO] Checks Passed: 25/27
[2025-10-06T16:22:26.442003Z] [INFO] Errors: 0
[2025-10-06T16:22:26.442136Z] [INFO] Warnings: 1
[2025-10-06T16:22:26.442248Z] [WARN] WARNINGS (summary):
[2025-10-06T16:22:26.442372Z] [WARN]   - No requirements.txt or dependencies file found
[2025-10-06T16:22:26.442512Z] [RESULT] Validation PASSED - No critical errors found
