[2025-10-06T16:32:32.643476Z] [INFO] Starting Flexible Flask Application Validation
[2025-10-06T16:32:32.643700Z] [INFO] ============================================================
[2025-10-06T16:32:32.643814Z] [INFO] Validating project structure...
[2025-10-06T16:32:32.643951Z] [INFO] Scanning for Python files containing Flask imports...
[2025-10-06T16:32:32.646743Z] [INFO] Found 1 Flask-related Python file(s).
[2025-10-06T16:32:32.646892Z] [CHECK] PASS: Flask files found - Found 1 Flask Python file(s)
[2025-10-06T16:32:32.647004Z] [INFO] Locating main Flask application file...
[2025-10-06T16:32:32.647596Z] [INFO] Selected main app file: C:\Users\lvg\AppData\Local\Temp\tmp_5rktkhc\playoff\app.py
[2025-10-06T16:32:32.647716Z] [CHECK] PASS: Main app file - Main Flask app: app.py
[2025-10-06T16:32:32.648070Z] [CHECK] FAIL: Dependencies file - No dependencies file found
[2025-10-06T16:32:32.649210Z] [INFO] Found 6 HTML template file(s).
[2025-10-06T16:32:32.649358Z] [CHECK] PASS: Template files - Found 6 HTML templates
[2025-10-06T16:32:32.649457Z] [INFO] Validating Flask imports in main app file...
[2025-10-06T16:32:32.649819Z] [CHECK] PASS: Import: from flask import - Flask core imports
[2025-10-06T16:32:32.649956Z] [CHECK] PASS: Import: Flask( - Flask app creation
[2025-10-06T16:32:32.650049Z] [CHECK] PASS: Import: render_template - Template rendering
[2025-10-06T16:32:32.650137Z] [CHECK] PASS: Import: request - Request handling
[2025-10-06T16:32:32.650221Z] [CHECK] PASS: Import: redirect - Redirect functionality
[2025-10-06T16:32:32.650307Z] [INFO] Validating database imports...
[2025-10-06T16:32:32.650642Z] [CHECK] PASS: Database: from flask_sqlalchemy import - SQLAlchemy ORM
[2025-10-06T16:32:32.650749Z] [CHECK] PASS: Database: from werkzeug.security import - Password security
[2025-10-06T16:32:32.650999Z] [CHECK] PASS: Database: generate_password_hash - Password hashing
[2025-10-06T16:32:32.651173Z] [CHECK] PASS: Database: check_password_hash - Password verification
[2025-10-06T16:32:32.651350Z] [INFO] Validating route definitions statically...
[2025-10-06T16:32:32.651811Z] [CHECK] PASS: Routes: Route decorators - Found 5 route decorators
[2025-10-06T16:32:32.652018Z] [CHECK] PASS: Routes: Route functions - Found 8 route functions
[2025-10-06T16:32:32.652180Z] [CHECK] PASS: Routes: Template rendering - Found 10 template rendering
[2025-10-06T16:32:32.652362Z] [CHECK] PASS: Routes: Redirects - Found 4 redirects
[2025-10-06T16:32:32.652526Z] [INFO] Validating authentication-related code statically...
[2025-10-06T16:32:32.652992Z] [CHECK] PASS: Auth: Session management - Session management
[2025-10-06T16:32:32.653142Z] [CHECK] PASS: Auth: HTTP method handling - HTTP method handling
[2025-10-06T16:32:32.653288Z] [CHECK] PASS: Auth: Form data access - Form data access
[2025-10-06T16:32:32.653427Z] [CHECK] PASS: Auth: Flash messages - Flash messages
[2025-10-06T16:32:32.653554Z] [CHECK] PASS: Auth: Secret key - Secret key
[2025-10-06T16:32:32.653686Z] [INFO] Validating template usage (render_template references)...
[2025-10-06T16:32:32.654229Z] [CHECK] PASS: Template reference check - All referenced templates exist
[2025-10-06T16:32:32.654408Z] [INFO] Basic functionality checks...
[2025-10-06T16:32:32.654793Z] [CHECK] PASS: App execution method - app.run() found
[2025-10-06T16:32:32.654966Z] [CHECK] PASS: Database initialization - DB initialization found
[2025-10-06T16:32:32.655125Z] [INFO] Running flake8 syntax checks...
[2025-10-06T16:32:32.710961Z] [CHECK] PASS: Syntax check (flake8) - No critical syntax errors found
[2025-10-06T16:32:32.711262Z] [INFO] Starting student's app subprocess: C:\Users\lvg\CODES\Exskilence\project_validator\venv\Scripts\python.exe C:\Users\lvg\AppData\Local\Temp\tmp_5rktkhc\playoff\app.py (cwd=C:\Users\lvg\AppData\Local\Temp\tmp_5rktkhc)
[2025-10-06T16:32:32.723024Z] [INFO] Waiting for app to become reachable at http://127.0.0.1:5000 (timeout 12s)...
[2025-10-06T16:32:33.003493Z] [APP] STDERR: Traceback (most recent call last):
[2025-10-06T16:32:33.003757Z] [APP] STDERR:   File "C:\Users\lvg\AppData\Local\Temp\tmp_5rktkhc\playoff\app.py", line 2, in <module>
[2025-10-06T16:32:33.004021Z] [APP] STDERR:     from flask_sqlalchemy import SQLAlchemy
[2025-10-06T16:32:33.004195Z] [APP] STDERR: ModuleNotFoundError: No module named 'flask_sqlalchemy'
[2025-10-06T16:32:35.265099Z] [ERROR] Subprocess exited while waiting for app to start.
[2025-10-06T16:32:35.265440Z] [CHECK] FAIL: Runtime: app reachable - App did not respond in time
[2025-10-06T16:32:35.265653Z] [INFO] Stopping student's app subprocess...
[2025-10-06T16:32:35.268433Z] [INFO] Wrote JSON summary to Logs\tmp_5rktkhc\validation_20251006_220232.json
[2025-10-06T16:32:35.268608Z] [INFO] ============================================================
[2025-10-06T16:32:35.268705Z] [INFO] VALIDATION SUMMARY
[2025-10-06T16:32:35.268781Z] [INFO] Checks Passed: 25/27
[2025-10-06T16:32:35.268895Z] [INFO] Errors: 0
[2025-10-06T16:32:35.269074Z] [INFO] Warnings: 1
[2025-10-06T16:32:35.269216Z] [WARN] WARNINGS (summary):
[2025-10-06T16:32:35.269353Z] [WARN]   - No requirements.txt or dependencies file found
[2025-10-06T16:32:35.269486Z] [RESULT] Validation PASSED - No critical errors found
